<?xml version="1.0" encoding="UTF-8"?>
<testsuite xmlns:xsi="http://www.w3.org/2001/XMLSchema-instance" xsi:noNamespaceSchemaLocation="https://maven.apache.org/surefire/maven-surefire-plugin/xsd/surefire-test-report.xsd" version="3.0.2" name="xyz.twstak.userlist.UserListApplicationTests" time="3.408" tests="2" errors="0" skipped="0" failures="0">
  <properties>
    <property name="java.specification.version" value="24"/>
    <property name="sun.cpu.isalist" value="amd64"/>
    <property name="sun.jnu.encoding" value="GBK"/>
    <property name="java.class.path" value="C:\Users\STAK\Desktop\JavaLearn\JavaWEB\lianxi\UserList\target\test-classes;C:\Users\STAK\Desktop\JavaLearn\JavaWEB\lianxi\UserList\target\classes;C:\apache-maven-3.9.10\mvn_repo\org\springframework\boot\spring-boot-starter-web\3.5.3\spring-boot-starter-web-3.5.3.jar;C:\apache-maven-3.9.10\mvn_repo\org\springframework\boot\spring-boot-starter\3.5.3\spring-boot-starter-3.5.3.jar;C:\apache-maven-3.9.10\mvn_repo\org\springframework\boot\spring-boot\3.5.3\spring-boot-3.5.3.jar;C:\apache-maven-3.9.10\mvn_repo\org\springframework\boot\spring-boot-starter-logging\3.5.3\spring-boot-starter-logging-3.5.3.jar;C:\apache-maven-3.9.10\mvn_repo\ch\qos\logback\logback-classic\1.5.18\logback-classic-1.5.18.jar;C:\apache-maven-3.9.10\mvn_repo\ch\qos\logback\logback-core\1.5.18\logback-core-1.5.18.jar;C:\apache-maven-3.9.10\mvn_repo\org\apache\logging\log4j\log4j-to-slf4j\2.24.3\log4j-to-slf4j-2.24.3.jar;C:\apache-maven-3.9.10\mvn_repo\org\apache\logging\log4j\log4j-api\2.24.3\log4j-api-2.24.3.jar;C:\apache-maven-3.9.10\mvn_repo\org\slf4j\jul-to-slf4j\2.0.17\jul-to-slf4j-2.0.17.jar;C:\apache-maven-3.9.10\mvn_repo\jakarta\annotation\jakarta.annotation-api\2.1.1\jakarta.annotation-api-2.1.1.jar;C:\apache-maven-3.9.10\mvn_repo\org\yaml\snakeyaml\2.4\snakeyaml-2.4.jar;C:\apache-maven-3.9.10\mvn_repo\org\springframework\boot\spring-boot-starter-json\3.5.3\spring-boot-starter-json-3.5.3.jar;C:\apache-maven-3.9.10\mvn_repo\com\fasterxml\jackson\core\jackson-databind\2.19.1\jackson-databind-2.19.1.jar;C:\apache-maven-3.9.10\mvn_repo\com\fasterxml\jackson\core\jackson-annotations\2.19.1\jackson-annotations-2.19.1.jar;C:\apache-maven-3.9.10\mvn_repo\com\fasterxml\jackson\core\jackson-core\2.19.1\jackson-core-2.19.1.jar;C:\apache-maven-3.9.10\mvn_repo\com\fasterxml\jackson\datatype\jackson-datatype-jdk8\2.19.1\jackson-datatype-jdk8-2.19.1.jar;C:\apache-maven-3.9.10\mvn_repo\com\fasterxml\jackson\datatype\jackson-datatype-jsr310\2.19.1\jackson-datatype-jsr310-2.19.1.jar;C:\apache-maven-3.9.10\mvn_repo\com\fasterxml\jackson\module\jackson-module-parameter-names\2.19.1\jackson-module-parameter-names-2.19.1.jar;C:\apache-maven-3.9.10\mvn_repo\org\springframework\boot\spring-boot-starter-tomcat\3.5.3\spring-boot-starter-tomcat-3.5.3.jar;C:\apache-maven-3.9.10\mvn_repo\org\apache\tomcat\embed\tomcat-embed-core\10.1.42\tomcat-embed-core-10.1.42.jar;C:\apache-maven-3.9.10\mvn_repo\org\apache\tomcat\embed\tomcat-embed-el\10.1.42\tomcat-embed-el-10.1.42.jar;C:\apache-maven-3.9.10\mvn_repo\org\apache\tomcat\embed\tomcat-embed-websocket\10.1.42\tomcat-embed-websocket-10.1.42.jar;C:\apache-maven-3.9.10\mvn_repo\org\springframework\spring-web\6.2.8\spring-web-6.2.8.jar;C:\apache-maven-3.9.10\mvn_repo\org\springframework\spring-beans\6.2.8\spring-beans-6.2.8.jar;C:\apache-maven-3.9.10\mvn_repo\org\springframework\spring-webmvc\6.2.8\spring-webmvc-6.2.8.jar;C:\apache-maven-3.9.10\mvn_repo\org\springframework\spring-aop\6.2.8\spring-aop-6.2.8.jar;C:\apache-maven-3.9.10\mvn_repo\org\springframework\spring-context\6.2.8\spring-context-6.2.8.jar;C:\apache-maven-3.9.10\mvn_repo\org\springframework\spring-expression\6.2.8\spring-expression-6.2.8.jar;C:\apache-maven-3.9.10\mvn_repo\org\mybatis\spring\boot\mybatis-spring-boot-starter\3.0.4\mybatis-spring-boot-starter-3.0.4.jar;C:\apache-maven-3.9.10\mvn_repo\org\springframework\boot\spring-boot-starter-jdbc\3.5.3\spring-boot-starter-jdbc-3.5.3.jar;C:\apache-maven-3.9.10\mvn_repo\com\zaxxer\HikariCP\6.3.0\HikariCP-6.3.0.jar;C:\apache-maven-3.9.10\mvn_repo\org\springframework\spring-jdbc\6.2.8\spring-jdbc-6.2.8.jar;C:\apache-maven-3.9.10\mvn_repo\org\mybatis\spring\boot\mybatis-spring-boot-autoconfigure\3.0.4\mybatis-spring-boot-autoconfigure-3.0.4.jar;C:\apache-maven-3.9.10\mvn_repo\org\mybatis\mybatis\3.5.17\mybatis-3.5.17.jar;C:\apache-maven-3.9.10\mvn_repo\org\mybatis\mybatis-spring\3.0.4\mybatis-spring-3.0.4.jar;C:\apache-maven-3.9.10\mvn_repo\org\mybatis\spring\boot\mybatis-spring-boot-starter-test\3.0.4\mybatis-spring-boot-starter-test-3.0.4.jar;C:\apache-maven-3.9.10\mvn_repo\org\mybatis\spring\boot\mybatis-spring-boot-test-autoconfigure\3.0.4\mybatis-spring-boot-test-autoconfigure-3.0.4.jar;C:\apache-maven-3.9.10\mvn_repo\org\springframework\spring-tx\6.2.8\spring-tx-6.2.8.jar;C:\apache-maven-3.9.10\mvn_repo\com\alibaba\druid-spring-boot-starter\1.2.19\druid-spring-boot-starter-1.2.19.jar;C:\apache-maven-3.9.10\mvn_repo\com\alibaba\druid\1.2.19\druid-1.2.19.jar;C:\apache-maven-3.9.10\mvn_repo\org\slf4j\slf4j-api\2.0.17\slf4j-api-2.0.17.jar;C:\apache-maven-3.9.10\mvn_repo\org\springframework\boot\spring-boot-autoconfigure\3.5.3\spring-boot-autoconfigure-3.5.3.jar;C:\apache-maven-3.9.10\mvn_repo\org\glassfish\jaxb\jaxb-runtime\4.0.5\jaxb-runtime-4.0.5.jar;C:\apache-maven-3.9.10\mvn_repo\org\glassfish\jaxb\jaxb-core\4.0.5\jaxb-core-4.0.5.jar;C:\apache-maven-3.9.10\mvn_repo\org\eclipse\angus\angus-activation\2.0.2\angus-activation-2.0.2.jar;C:\apache-maven-3.9.10\mvn_repo\org\glassfish\jaxb\txw2\4.0.5\txw2-4.0.5.jar;C:\apache-maven-3.9.10\mvn_repo\com\sun\istack\istack-commons-runtime\4.1.2\istack-commons-runtime-4.1.2.jar;C:\apache-maven-3.9.10\mvn_repo\com\mysql\mysql-connector-j\9.2.0\mysql-connector-j-9.2.0.jar;C:\apache-maven-3.9.10\mvn_repo\org\projectlombok\lombok\1.18.38\lombok-1.18.38.jar;C:\apache-maven-3.9.10\mvn_repo\org\springframework\boot\spring-boot-starter-test\3.5.3\spring-boot-starter-test-3.5.3.jar;C:\apache-maven-3.9.10\mvn_repo\org\springframework\boot\spring-boot-test\3.5.3\spring-boot-test-3.5.3.jar;C:\apache-maven-3.9.10\mvn_repo\org\springframework\boot\spring-boot-test-autoconfigure\3.5.3\spring-boot-test-autoconfigure-3.5.3.jar;C:\apache-maven-3.9.10\mvn_repo\com\jayway\jsonpath\json-path\2.9.0\json-path-2.9.0.jar;C:\apache-maven-3.9.10\mvn_repo\jakarta\xml\bind\jakarta.xml.bind-api\4.0.2\jakarta.xml.bind-api-4.0.2.jar;C:\apache-maven-3.9.10\mvn_repo\jakarta\activation\jakarta.activation-api\2.1.3\jakarta.activation-api-2.1.3.jar;C:\apache-maven-3.9.10\mvn_repo\net\minidev\json-smart\2.5.2\json-smart-2.5.2.jar;C:\apache-maven-3.9.10\mvn_repo\net\minidev\accessors-smart\2.5.2\accessors-smart-2.5.2.jar;C:\apache-maven-3.9.10\mvn_repo\org\ow2\asm\asm\9.7.1\asm-9.7.1.jar;C:\apache-maven-3.9.10\mvn_repo\org\assertj\assertj-core\3.27.3\assertj-core-3.27.3.jar;C:\apache-maven-3.9.10\mvn_repo\net\bytebuddy\byte-buddy\1.17.6\byte-buddy-1.17.6.jar;C:\apache-maven-3.9.10\mvn_repo\org\awaitility\awaitility\4.2.2\awaitility-4.2.2.jar;C:\apache-maven-3.9.10\mvn_repo\org\hamcrest\hamcrest\3.0\hamcrest-3.0.jar;C:\apache-maven-3.9.10\mvn_repo\org\junit\jupiter\junit-jupiter\5.12.2\junit-jupiter-5.12.2.jar;C:\apache-maven-3.9.10\mvn_repo\org\junit\jupiter\junit-jupiter-api\5.12.2\junit-jupiter-api-5.12.2.jar;C:\apache-maven-3.9.10\mvn_repo\org\opentest4j\opentest4j\1.3.0\opentest4j-1.3.0.jar;C:\apache-maven-3.9.10\mvn_repo\org\junit\platform\junit-platform-commons\1.12.2\junit-platform-commons-1.12.2.jar;C:\apache-maven-3.9.10\mvn_repo\org\apiguardian\apiguardian-api\1.1.2\apiguardian-api-1.1.2.jar;C:\apache-maven-3.9.10\mvn_repo\org\junit\jupiter\junit-jupiter-params\5.12.2\junit-jupiter-params-5.12.2.jar;C:\apache-maven-3.9.10\mvn_repo\org\junit\jupiter\junit-jupiter-engine\5.12.2\junit-jupiter-engine-5.12.2.jar;C:\apache-maven-3.9.10\mvn_repo\org\junit\platform\junit-platform-engine\1.12.2\junit-platform-engine-1.12.2.jar;C:\apache-maven-3.9.10\mvn_repo\org\mockito\mockito-core\5.17.0\mockito-core-5.17.0.jar;C:\apache-maven-3.9.10\mvn_repo\net\bytebuddy\byte-buddy-agent\1.17.6\byte-buddy-agent-1.17.6.jar;C:\apache-maven-3.9.10\mvn_repo\org\objenesis\objenesis\3.3\objenesis-3.3.jar;C:\apache-maven-3.9.10\mvn_repo\org\mockito\mockito-junit-jupiter\5.17.0\mockito-junit-jupiter-5.17.0.jar;C:\apache-maven-3.9.10\mvn_repo\org\skyscreamer\jsonassert\1.5.3\jsonassert-1.5.3.jar;C:\apache-maven-3.9.10\mvn_repo\com\vaadin\external\google\android-json\0.0.20131108.vaadin1\android-json-0.0.20131108.vaadin1.jar;C:\apache-maven-3.9.10\mvn_repo\org\springframework\spring-core\6.2.8\spring-core-6.2.8.jar;C:\apache-maven-3.9.10\mvn_repo\org\springframework\spring-jcl\6.2.8\spring-jcl-6.2.8.jar;C:\apache-maven-3.9.10\mvn_repo\org\springframework\spring-test\6.2.8\spring-test-6.2.8.jar;C:\apache-maven-3.9.10\mvn_repo\org\xmlunit\xmlunit-core\2.10.2\xmlunit-core-2.10.2.jar;C:\apache-maven-3.9.10\mvn_repo\cn\hutool\hutool-all\5.8.39\hutool-all-5.8.39.jar;C:\apache-maven-3.9.10\mvn_repo\org\springframework\boot\spring-boot-starter-actuator\3.5.3\spring-boot-starter-actuator-3.5.3.jar;C:\apache-maven-3.9.10\mvn_repo\org\springframework\boot\spring-boot-actuator-autoconfigure\3.5.3\spring-boot-actuator-autoconfigure-3.5.3.jar;C:\apache-maven-3.9.10\mvn_repo\org\springframework\boot\spring-boot-actuator\3.5.3\spring-boot-actuator-3.5.3.jar;C:\apache-maven-3.9.10\mvn_repo\io\micrometer\micrometer-observation\1.15.1\micrometer-observation-1.15.1.jar;C:\apache-maven-3.9.10\mvn_repo\io\micrometer\micrometer-commons\1.15.1\micrometer-commons-1.15.1.jar;C:\apache-maven-3.9.10\mvn_repo\io\micrometer\micrometer-jakarta9\1.15.1\micrometer-jakarta9-1.15.1.jar;C:\apache-maven-3.9.10\mvn_repo\io\micrometer\micrometer-core\1.15.1\micrometer-core-1.15.1.jar;C:\apache-maven-3.9.10\mvn_repo\org\hdrhistogram\HdrHistogram\2.2.2\HdrHistogram-2.2.2.jar;C:\apache-maven-3.9.10\mvn_repo\org\latencyutils\LatencyUtils\2.0.3\LatencyUtils-2.0.3.jar;"/>
    <property name="java.vm.vendor" value="Azul Systems, Inc."/>
    <property name="sun.arch.data.model" value="64"/>
    <property name="user.variant" value=""/>
    <property name="java.vendor.url" value="http://www.azul.com/"/>
    <property name="user.timezone" value="Asia/Shanghai"/>
    <property name="os.name" value="Windows 11"/>
    <property name="java.vm.specification.version" value="24"/>
    <property name="APPLICATION_NAME" value="UserList"/>
    <property name="sun.java.launcher" value="SUN_STANDARD"/>
    <property name="user.country" value="CN"/>
    <property name="sun.boot.library.path" value="C:\Users\STAK\.jdks\azul-24.0.1\bin"/>
    <property name="sun.java.command" value="C:\Users\STAK\AppData\Local\Temp\surefire3368899652833580523\surefirebooter-20250717094519241_3.jar C:\Users\STAK\AppData\Local\Temp\surefire3368899652833580523 2025-07-17T09-45-18_726-jvmRun1 surefire-20250717094519241_1tmp surefire_0-20250717094519241_2tmp"/>
    <property name="jdk.debug" value="release"/>
    <property name="surefire.test.class.path" value="C:\Users\STAK\Desktop\JavaLearn\JavaWEB\lianxi\UserList\target\test-classes;C:\Users\STAK\Desktop\JavaLearn\JavaWEB\lianxi\UserList\target\classes;C:\apache-maven-3.9.10\mvn_repo\org\springframework\boot\spring-boot-starter-web\3.5.3\spring-boot-starter-web-3.5.3.jar;C:\apache-maven-3.9.10\mvn_repo\org\springframework\boot\spring-boot-starter\3.5.3\spring-boot-starter-3.5.3.jar;C:\apache-maven-3.9.10\mvn_repo\org\springframework\boot\spring-boot\3.5.3\spring-boot-3.5.3.jar;C:\apache-maven-3.9.10\mvn_repo\org\springframework\boot\spring-boot-starter-logging\3.5.3\spring-boot-starter-logging-3.5.3.jar;C:\apache-maven-3.9.10\mvn_repo\ch\qos\logback\logback-classic\1.5.18\logback-classic-1.5.18.jar;C:\apache-maven-3.9.10\mvn_repo\ch\qos\logback\logback-core\1.5.18\logback-core-1.5.18.jar;C:\apache-maven-3.9.10\mvn_repo\org\apache\logging\log4j\log4j-to-slf4j\2.24.3\log4j-to-slf4j-2.24.3.jar;C:\apache-maven-3.9.10\mvn_repo\org\apache\logging\log4j\log4j-api\2.24.3\log4j-api-2.24.3.jar;C:\apache-maven-3.9.10\mvn_repo\org\slf4j\jul-to-slf4j\2.0.17\jul-to-slf4j-2.0.17.jar;C:\apache-maven-3.9.10\mvn_repo\jakarta\annotation\jakarta.annotation-api\2.1.1\jakarta.annotation-api-2.1.1.jar;C:\apache-maven-3.9.10\mvn_repo\org\yaml\snakeyaml\2.4\snakeyaml-2.4.jar;C:\apache-maven-3.9.10\mvn_repo\org\springframework\boot\spring-boot-starter-json\3.5.3\spring-boot-starter-json-3.5.3.jar;C:\apache-maven-3.9.10\mvn_repo\com\fasterxml\jackson\core\jackson-databind\2.19.1\jackson-databind-2.19.1.jar;C:\apache-maven-3.9.10\mvn_repo\com\fasterxml\jackson\core\jackson-annotations\2.19.1\jackson-annotations-2.19.1.jar;C:\apache-maven-3.9.10\mvn_repo\com\fasterxml\jackson\core\jackson-core\2.19.1\jackson-core-2.19.1.jar;C:\apache-maven-3.9.10\mvn_repo\com\fasterxml\jackson\datatype\jackson-datatype-jdk8\2.19.1\jackson-datatype-jdk8-2.19.1.jar;C:\apache-maven-3.9.10\mvn_repo\com\fasterxml\jackson\datatype\jackson-datatype-jsr310\2.19.1\jackson-datatype-jsr310-2.19.1.jar;C:\apache-maven-3.9.10\mvn_repo\com\fasterxml\jackson\module\jackson-module-parameter-names\2.19.1\jackson-module-parameter-names-2.19.1.jar;C:\apache-maven-3.9.10\mvn_repo\org\springframework\boot\spring-boot-starter-tomcat\3.5.3\spring-boot-starter-tomcat-3.5.3.jar;C:\apache-maven-3.9.10\mvn_repo\org\apache\tomcat\embed\tomcat-embed-core\10.1.42\tomcat-embed-core-10.1.42.jar;C:\apache-maven-3.9.10\mvn_repo\org\apache\tomcat\embed\tomcat-embed-el\10.1.42\tomcat-embed-el-10.1.42.jar;C:\apache-maven-3.9.10\mvn_repo\org\apache\tomcat\embed\tomcat-embed-websocket\10.1.42\tomcat-embed-websocket-10.1.42.jar;C:\apache-maven-3.9.10\mvn_repo\org\springframework\spring-web\6.2.8\spring-web-6.2.8.jar;C:\apache-maven-3.9.10\mvn_repo\org\springframework\spring-beans\6.2.8\spring-beans-6.2.8.jar;C:\apache-maven-3.9.10\mvn_repo\org\springframework\spring-webmvc\6.2.8\spring-webmvc-6.2.8.jar;C:\apache-maven-3.9.10\mvn_repo\org\springframework\spring-aop\6.2.8\spring-aop-6.2.8.jar;C:\apache-maven-3.9.10\mvn_repo\org\springframework\spring-context\6.2.8\spring-context-6.2.8.jar;C:\apache-maven-3.9.10\mvn_repo\org\springframework\spring-expression\6.2.8\spring-expression-6.2.8.jar;C:\apache-maven-3.9.10\mvn_repo\org\mybatis\spring\boot\mybatis-spring-boot-starter\3.0.4\mybatis-spring-boot-starter-3.0.4.jar;C:\apache-maven-3.9.10\mvn_repo\org\springframework\boot\spring-boot-starter-jdbc\3.5.3\spring-boot-starter-jdbc-3.5.3.jar;C:\apache-maven-3.9.10\mvn_repo\com\zaxxer\HikariCP\6.3.0\HikariCP-6.3.0.jar;C:\apache-maven-3.9.10\mvn_repo\org\springframework\spring-jdbc\6.2.8\spring-jdbc-6.2.8.jar;C:\apache-maven-3.9.10\mvn_repo\org\mybatis\spring\boot\mybatis-spring-boot-autoconfigure\3.0.4\mybatis-spring-boot-autoconfigure-3.0.4.jar;C:\apache-maven-3.9.10\mvn_repo\org\mybatis\mybatis\3.5.17\mybatis-3.5.17.jar;C:\apache-maven-3.9.10\mvn_repo\org\mybatis\mybatis-spring\3.0.4\mybatis-spring-3.0.4.jar;C:\apache-maven-3.9.10\mvn_repo\org\mybatis\spring\boot\mybatis-spring-boot-starter-test\3.0.4\mybatis-spring-boot-starter-test-3.0.4.jar;C:\apache-maven-3.9.10\mvn_repo\org\mybatis\spring\boot\mybatis-spring-boot-test-autoconfigure\3.0.4\mybatis-spring-boot-test-autoconfigure-3.0.4.jar;C:\apache-maven-3.9.10\mvn_repo\org\springframework\spring-tx\6.2.8\spring-tx-6.2.8.jar;C:\apache-maven-3.9.10\mvn_repo\com\alibaba\druid-spring-boot-starter\1.2.19\druid-spring-boot-starter-1.2.19.jar;C:\apache-maven-3.9.10\mvn_repo\com\alibaba\druid\1.2.19\druid-1.2.19.jar;C:\apache-maven-3.9.10\mvn_repo\org\slf4j\slf4j-api\2.0.17\slf4j-api-2.0.17.jar;C:\apache-maven-3.9.10\mvn_repo\org\springframework\boot\spring-boot-autoconfigure\3.5.3\spring-boot-autoconfigure-3.5.3.jar;C:\apache-maven-3.9.10\mvn_repo\org\glassfish\jaxb\jaxb-runtime\4.0.5\jaxb-runtime-4.0.5.jar;C:\apache-maven-3.9.10\mvn_repo\org\glassfish\jaxb\jaxb-core\4.0.5\jaxb-core-4.0.5.jar;C:\apache-maven-3.9.10\mvn_repo\org\eclipse\angus\angus-activation\2.0.2\angus-activation-2.0.2.jar;C:\apache-maven-3.9.10\mvn_repo\org\glassfish\jaxb\txw2\4.0.5\txw2-4.0.5.jar;C:\apache-maven-3.9.10\mvn_repo\com\sun\istack\istack-commons-runtime\4.1.2\istack-commons-runtime-4.1.2.jar;C:\apache-maven-3.9.10\mvn_repo\com\mysql\mysql-connector-j\9.2.0\mysql-connector-j-9.2.0.jar;C:\apache-maven-3.9.10\mvn_repo\org\projectlombok\lombok\1.18.38\lombok-1.18.38.jar;C:\apache-maven-3.9.10\mvn_repo\org\springframework\boot\spring-boot-starter-test\3.5.3\spring-boot-starter-test-3.5.3.jar;C:\apache-maven-3.9.10\mvn_repo\org\springframework\boot\spring-boot-test\3.5.3\spring-boot-test-3.5.3.jar;C:\apache-maven-3.9.10\mvn_repo\org\springframework\boot\spring-boot-test-autoconfigure\3.5.3\spring-boot-test-autoconfigure-3.5.3.jar;C:\apache-maven-3.9.10\mvn_repo\com\jayway\jsonpath\json-path\2.9.0\json-path-2.9.0.jar;C:\apache-maven-3.9.10\mvn_repo\jakarta\xml\bind\jakarta.xml.bind-api\4.0.2\jakarta.xml.bind-api-4.0.2.jar;C:\apache-maven-3.9.10\mvn_repo\jakarta\activation\jakarta.activation-api\2.1.3\jakarta.activation-api-2.1.3.jar;C:\apache-maven-3.9.10\mvn_repo\net\minidev\json-smart\2.5.2\json-smart-2.5.2.jar;C:\apache-maven-3.9.10\mvn_repo\net\minidev\accessors-smart\2.5.2\accessors-smart-2.5.2.jar;C:\apache-maven-3.9.10\mvn_repo\org\ow2\asm\asm\9.7.1\asm-9.7.1.jar;C:\apache-maven-3.9.10\mvn_repo\org\assertj\assertj-core\3.27.3\assertj-core-3.27.3.jar;C:\apache-maven-3.9.10\mvn_repo\net\bytebuddy\byte-buddy\1.17.6\byte-buddy-1.17.6.jar;C:\apache-maven-3.9.10\mvn_repo\org\awaitility\awaitility\4.2.2\awaitility-4.2.2.jar;C:\apache-maven-3.9.10\mvn_repo\org\hamcrest\hamcrest\3.0\hamcrest-3.0.jar;C:\apache-maven-3.9.10\mvn_repo\org\junit\jupiter\junit-jupiter\5.12.2\junit-jupiter-5.12.2.jar;C:\apache-maven-3.9.10\mvn_repo\org\junit\jupiter\junit-jupiter-api\5.12.2\junit-jupiter-api-5.12.2.jar;C:\apache-maven-3.9.10\mvn_repo\org\opentest4j\opentest4j\1.3.0\opentest4j-1.3.0.jar;C:\apache-maven-3.9.10\mvn_repo\org\junit\platform\junit-platform-commons\1.12.2\junit-platform-commons-1.12.2.jar;C:\apache-maven-3.9.10\mvn_repo\org\apiguardian\apiguardian-api\1.1.2\apiguardian-api-1.1.2.jar;C:\apache-maven-3.9.10\mvn_repo\org\junit\jupiter\junit-jupiter-params\5.12.2\junit-jupiter-params-5.12.2.jar;C:\apache-maven-3.9.10\mvn_repo\org\junit\jupiter\junit-jupiter-engine\5.12.2\junit-jupiter-engine-5.12.2.jar;C:\apache-maven-3.9.10\mvn_repo\org\junit\platform\junit-platform-engine\1.12.2\junit-platform-engine-1.12.2.jar;C:\apache-maven-3.9.10\mvn_repo\org\mockito\mockito-core\5.17.0\mockito-core-5.17.0.jar;C:\apache-maven-3.9.10\mvn_repo\net\bytebuddy\byte-buddy-agent\1.17.6\byte-buddy-agent-1.17.6.jar;C:\apache-maven-3.9.10\mvn_repo\org\objenesis\objenesis\3.3\objenesis-3.3.jar;C:\apache-maven-3.9.10\mvn_repo\org\mockito\mockito-junit-jupiter\5.17.0\mockito-junit-jupiter-5.17.0.jar;C:\apache-maven-3.9.10\mvn_repo\org\skyscreamer\jsonassert\1.5.3\jsonassert-1.5.3.jar;C:\apache-maven-3.9.10\mvn_repo\com\vaadin\external\google\android-json\0.0.20131108.vaadin1\android-json-0.0.20131108.vaadin1.jar;C:\apache-maven-3.9.10\mvn_repo\org\springframework\spring-core\6.2.8\spring-core-6.2.8.jar;C:\apache-maven-3.9.10\mvn_repo\org\springframework\spring-jcl\6.2.8\spring-jcl-6.2.8.jar;C:\apache-maven-3.9.10\mvn_repo\org\springframework\spring-test\6.2.8\spring-test-6.2.8.jar;C:\apache-maven-3.9.10\mvn_repo\org\xmlunit\xmlunit-core\2.10.2\xmlunit-core-2.10.2.jar;C:\apache-maven-3.9.10\mvn_repo\cn\hutool\hutool-all\5.8.39\hutool-all-5.8.39.jar;C:\apache-maven-3.9.10\mvn_repo\org\springframework\boot\spring-boot-starter-actuator\3.5.3\spring-boot-starter-actuator-3.5.3.jar;C:\apache-maven-3.9.10\mvn_repo\org\springframework\boot\spring-boot-actuator-autoconfigure\3.5.3\spring-boot-actuator-autoconfigure-3.5.3.jar;C:\apache-maven-3.9.10\mvn_repo\org\springframework\boot\spring-boot-actuator\3.5.3\spring-boot-actuator-3.5.3.jar;C:\apache-maven-3.9.10\mvn_repo\io\micrometer\micrometer-observation\1.15.1\micrometer-observation-1.15.1.jar;C:\apache-maven-3.9.10\mvn_repo\io\micrometer\micrometer-commons\1.15.1\micrometer-commons-1.15.1.jar;C:\apache-maven-3.9.10\mvn_repo\io\micrometer\micrometer-jakarta9\1.15.1\micrometer-jakarta9-1.15.1.jar;C:\apache-maven-3.9.10\mvn_repo\io\micrometer\micrometer-core\1.15.1\micrometer-core-1.15.1.jar;C:\apache-maven-3.9.10\mvn_repo\org\hdrhistogram\HdrHistogram\2.2.2\HdrHistogram-2.2.2.jar;C:\apache-maven-3.9.10\mvn_repo\org\latencyutils\LatencyUtils\2.0.3\LatencyUtils-2.0.3.jar;"/>
    <property name="sun.cpu.endian" value="little"/>
    <property name="user.home" value="C:\Users\STAK"/>
    <property name="user.language" value="zh"/>
    <property name="java.specification.vendor" value="Oracle Corporation"/>
    <property name="java.version.date" value="2025-04-15"/>
    <property name="java.home" value="C:\Users\STAK\.jdks\azul-24.0.1"/>
    <property name="file.separator" value="\"/>
    <property name="basedir" value="C:\Users\STAK\Desktop\JavaLearn\JavaWEB\lianxi\UserList"/>
    <property name="java.vm.compressedOopsMode" value="Zero based"/>
    <property name="line.separator" value="&#10;"/>
    <property name="java.vm.specification.vendor" value="Oracle Corporation"/>
    <property name="java.specification.name" value="Java Platform API Specification"/>
    <property name="FILE_LOG_CHARSET" value="UTF-8"/>
    <property name="java.awt.headless" value="true"/>
    <property name="surefire.real.class.path" value="C:\Users\STAK\AppData\Local\Temp\surefire3368899652833580523\surefirebooter-20250717094519241_3.jar"/>
    <property name="user.script" value=""/>
    <property name="sun.management.compiler" value="HotSpot 64-Bit Tiered Compilers"/>
    <property name="java.runtime.version" value="24.0.1+9"/>
    <property name="user.name" value="STAK"/>
    <property name="stdout.encoding" value="GBK"/>
    <property name="path.separator" value=";"/>
    <property name="os.version" value="10.0"/>
    <property name="java.runtime.name" value="OpenJDK Runtime Environment"/>
    <property name="file.encoding" value="UTF-8"/>
    <property name="java.vm.name" value="OpenJDK 64-Bit Server VM"/>
    <property name="java.vendor.version" value="Zulu24.30+11-CA"/>
    <property name="localRepository" value="C:\apache-maven-3.9.10\mvn_repo"/>
    <property name="java.vendor.url.bug" value="http://www.azul.com/support/"/>
    <property name="java.io.tmpdir" value="C:\Users\STAK\AppData\Local\Temp\"/>
    <property name="idea.version" value="2024.3.6"/>
    <property name="java.version" value="24.0.1"/>
    <property name="user.dir" value="C:\Users\STAK\Desktop\JavaLearn\JavaWEB\lianxi\UserList"/>
    <property name="os.arch" value="amd64"/>
    <property name="java.vm.specification.name" value="Java Virtual Machine Specification"/>
    <property name="PID" value="1984"/>
    <property name="sun.os.patch.level" value=""/>
    <property name="CONSOLE_LOG_CHARSET" value="GBK"/>
    <property name="native.encoding" value="GBK"/>
    <property name="java.library.path" value="C:\Users\STAK\.jdks\azul-24.0.1\bin;C:\WINDOWS\Sun\Java\bin;C:\WINDOWS\system32;C:\WINDOWS;C:\Program Files\Zulu\zulu-17-jre\bin\;C:\Program Files\Zulu\zulu-17\bin\;C:\Program Files\Zulu\zulu-24\bin\;C:\Program Files\Common Files\Oracle\Java\javapath;C:\Windows\system32;C:\Windows;C:\Windows\System32\Wbem;C:\Windows\System32\WindowsPowerShell\v1.0\;C:\Windows\System32\OpenSSH\;C:\Program Files (x86)\NVIDIA Corporation\PhysX\Common;C:\Program Files\Bandizip\;C:\Program Files\dotnet\;C:\Program Files\Microsoft SQL Server\150\Tools\Binn\;C:\Program Files\Microsoft SQL Server\Client SDK\ODBC\170\Tools\Binn\;D:\Windows Kits\10\Windows Performance Toolkit\;C:\Program Files\NVIDIA Corporation\NVIDIA NvDLISR;C:\WINDOWS\system32;C:\WINDOWS;C:\WINDOWS\System32\Wbem;C:\WINDOWS\System32\WindowsPowerShell\v1.0\;C:\WINDOWS\System32\OpenSSH\;E:\kousuan\platform-tools-latest-windows\platform-tools;C:\Program Files\Git\cmd;D:\kousuan\XiaoYuanKouSuan\platform-tools;D:\;C:\Program Files (x86)\ZeroTier\One\;C:\Users\STAK\AppData\Local\Programs\Python\Python313\;C:\Program Files\OpenSSL-Win64\bin;D:\ctags;C:\ProgramData\anaconda3\Library\bin;C:\ProgramData\anaconda3\Scripts;C:\ProgramData\anaconda3;C:\Program Files (x86)\NetSarang\Xftp 8\;C:\apache-maven-3.9.10\bin;C:\mysql-9.3.0-winx64\bin;C:\Users\STAK\AppData\Local\Programs\Python\Python313\Scripts\;C:\Users\STAK\AppData\Local\Programs\Python\Python313\;C:\Users\STAK\AppData\Local\Microsoft\WindowsApps;D:\Microsoft VS Code\bin;C:\msys64\ucrt64\bin\;C:\Users\STAK\.dotnet\tools;D:\CPE\mingw64\bin\;E:\PyCharm Community Edition 2024.2.3\bin;;E:\kousuan\platform-tools-latest-windows\platform-tools;D:\kousuan\XiaoYuanKouSuan\platform-tools;D:\modelsim\modelsim_ase\win32aloem;C:\Users\STAK\AppData\Local\Programs\Ollama;C:\texlive\2025\bin\windows;C:\Users\STAK\AppData\Local\Programs\Python\Python313\;C:\Program Files\OpenSSL-Win64\bin;C:\questasim64_10.4e\win64;D:\ctags;C:\iverilog\bin;C:\iverilog\gtkwave\bin;C:\Users\STAK\IntelliJ IDEA 2024.3.6\bin;;C:\ProgramData\anaconda3\Library\bin;C:\ProgramData\anaconda3\Scripts;C:\ProgramData\anaconda3;;D:\DataGrip 2024.2.2\bin;;."/>
    <property name="java.vm.info" value="mixed mode, sharing"/>
    <property name="stderr.encoding" value="GBK"/>
    <property name="java.vendor" value="Azul Systems, Inc."/>
    <property name="java.vm.version" value="24.0.1+9"/>
    <property name="sun.io.unicode.encoding" value="UnicodeLittle"/>
    <property name="maven.repo.local" value="C:\apache-maven-3.9.10\mvn_repo"/>
    <property name="java.class.version" value="68.0"/>
    <property name="LOGGED_APPLICATION_NAME" value="[UserList] "/>
  </properties>
  <testcase name="testDao" classname="xyz.twstak.userlist.UserListApplicationTests" time="0.515">
    <system-out><![CDATA[09:45:19.922 [main] INFO org.springframework.test.context.support.AnnotationConfigContextLoaderUtils -- Could not detect default configuration classes for test class [xyz.twstak.userlist.UserListApplicationTests]: UserListApplicationTests does not declare any static, non-private, non-final, nested classes annotated with @Configuration.
09:45:20.024 [main] INFO org.springframework.boot.test.context.SpringBootTestContextBootstrapper -- Found @SpringBootConfiguration xyz.twstak.userlist.UserListApplication for test class xyz.twstak.userlist.UserListApplicationTests

  .   ____          _            __ _ _
 /\\ / ___'_ __ _ _(_)_ __  __ _ \ \ \ \
( ( )\___ | '_ | '_| | '_ \/ _` | \ \ \ \
 \\/  ___)| |_)| | | | | || (_| |  ) ) ) )
  '  |____| .__|_| |_|_| |_\__, | / / / /
 =========|_|==============|___/=/_/_/_/

 :: Spring Boot ::                (v3.5.3)

2025-07-17T09:45:20.446+08:00  INFO 1984 --- [UserList] [           main] x.t.userlist.UserListApplicationTests    : Starting UserListApplicationTests using Java 24.0.1 with PID 1984 (started by STAK in C:\Users\STAK\Desktop\JavaLearn\JavaWEB\lianxi\UserList)
2025-07-17T09:45:20.447+08:00  INFO 1984 --- [UserList] [           main] x.t.userlist.UserListApplicationTests    : No active profile set, falling back to 1 default profile: "default"
Logging initialized using 'class org.apache.ibatis.logging.stdout.StdOutImpl' adapter.
2025-07-17T09:45:21.974+08:00  INFO 1984 --- [UserList] [           main] o.s.b.a.w.s.WelcomePageHandlerMapping    : Adding welcome page: class path resource [static/index.html]
2025-07-17T09:45:22.488+08:00  INFO 1984 --- [UserList] [           main] o.s.b.a.e.web.EndpointLinksResolver      : Exposing 1 endpoint beneath base path '/actuator'
2025-07-17T09:45:22.585+08:00  INFO 1984 --- [UserList] [           main] x.t.userlist.UserListApplicationTests    : Started UserListApplicationTests in 2.43 seconds (process running for 3.268)
[1,倒三角,时代骚年团,马嘉祺,22,2002-01-10 19:14:32, 2,倒三角,时代骚年团,丁程鑫,19,2202-08-10 17:24:32, 3,倒三角,时代骚年团,宋亚轩,21,2402-11-18 14:34:32, 4,倒三角,时代骚年团,刘耀文,24,2052-12-11 16:34:32, 5,倒三角,时代骚年团,张真源,21,2202-01-15 17:34:32, 6,倒三角,时代骚年团,严浩翔,20,2402-05-12 18:34:32, 7,倒三角,时代骚年团,贺峻霖,27,2042-06-10 11:34:32]
]]></system-out>
    <system-err><![CDATA[Mockito is currently self-attaching to enable the inline-mock-maker. This will no longer work in future releases of the JDK. Please add Mockito as an agent to your build as described in Mockito's documentation: https://javadoc.io/doc/org.mockito/mockito-core/latest/org.mockito/org/mockito/Mockito.html#0.3
WARNING: A Java agent has been loaded dynamically (C:\apache-maven-3.9.10\mvn_repo\net\bytebuddy\byte-buddy-agent\1.17.6\byte-buddy-agent-1.17.6.jar)
WARNING: If a serviceability tool is in use, please run with -XX:+EnableDynamicAgentLoading to hide this warning
WARNING: If a serviceability tool is not in use, please run with -Djdk.instrument.traceUsage for more information
WARNING: Dynamic loading of agents will be disallowed by default in a future release
]]></system-err>
  </testcase>
  <testcase name="contextLoads" classname="xyz.twstak.userlist.UserListApplicationTests" time="0.003"/>
</testsuite>